<?xml version="1.0" encoding="UTF-8"?>
<!-- Generated by org.testng.reporters.JUnitXMLReporter -->
<testsuite hostname="Gokuls-MacBook-Pro.local" ignored="0" name="Default test" tests="3" failures="0" timestamp="2020-02-02T19:02:55 AEDT" time="0.037" errors="0">
  <testcase name="logintest" time="0.008" classname="goksselenium.logincheckTest"/>
  <testcase name="passwordtest" time="0.001" classname="goksselenium.logincheckTest"/>
  <testcase name="usernamecheck" time="0.0" classname="goksselenium.logincheckTest"/>
</testsuite> <!-- Default test -->
